  client.c
C:\Program Files (x86)\Windows Kits\10\Include\10.0.19041.0\shared\ws2def.h(103,1): warning C4005: 'AF_IPX': macro redefinition
C:\Program Files (x86)\Windows Kits\10\Include\10.0.19041.0\um\winsock.h(457): message : see previous definition of 'AF_IPX'
C:\Program Files (x86)\Windows Kits\10\Include\10.0.19041.0\shared\ws2def.h(147,1): warning C4005: 'AF_MAX': macro redefinition
C:\Program Files (x86)\Windows Kits\10\Include\10.0.19041.0\um\winsock.h(476): message : see previous definition of 'AF_MAX'
C:\Program Files (x86)\Windows Kits\10\Include\10.0.19041.0\shared\ws2def.h(187,1): warning C4005: 'SO_DONTLINGER': macro redefinition
C:\Program Files (x86)\Windows Kits\10\Include\10.0.19041.0\um\winsock.h(399): message : see previous definition of 'SO_DONTLINGER'
C:\Program Files (x86)\Windows Kits\10\Include\10.0.19041.0\shared\ws2def.h(240,25): error C2011: 'sockaddr': 'struct' type redefinition
C:\Program Files (x86)\Windows Kits\10\Include\10.0.19041.0\um\winsock.h(482): message : see declaration of 'sockaddr'
C:\Program Files (x86)\Windows Kits\10\Include\10.0.19041.0\shared\ws2def.h(442,5): error C2059: syntax error: 'constant'
C:\Program Files (x86)\Windows Kits\10\Include\10.0.19041.0\shared\ws2def.h(577,1): warning C4005: 'IN_CLASSA': macro redefinition
C:\Program Files (x86)\Windows Kits\10\Include\10.0.19041.0\um\winsock.h(284): message : see previous definition of 'IN_CLASSA'
C:\Program Files (x86)\Windows Kits\10\Include\10.0.19041.0\shared\ws2def.h(583,1): warning C4005: 'IN_CLASSB': macro redefinition
C:\Program Files (x86)\Windows Kits\10\Include\10.0.19041.0\um\winsock.h(290): message : see previous definition of 'IN_CLASSB'
C:\Program Files (x86)\Windows Kits\10\Include\10.0.19041.0\shared\ws2def.h(589,1): warning C4005: 'IN_CLASSC': macro redefinition
C:\Program Files (x86)\Windows Kits\10\Include\10.0.19041.0\um\winsock.h(296): message : see previous definition of 'IN_CLASSC'
C:\Program Files (x86)\Windows Kits\10\Include\10.0.19041.0\shared\ws2def.h(600,1): warning C4005: 'INADDR_ANY': macro redefinition
C:\Program Files (x86)\Windows Kits\10\Include\10.0.19041.0\um\winsock.h(301): message : see previous definition of 'INADDR_ANY'
C:\Program Files (x86)\Windows Kits\10\Include\10.0.19041.0\shared\ws2def.h(602,1): warning C4005: 'INADDR_BROADCAST': macro redefinition
C:\Program Files (x86)\Windows Kits\10\Include\10.0.19041.0\um\winsock.h(303): message : see previous definition of 'INADDR_BROADCAST'
C:\Program Files (x86)\Windows Kits\10\Include\10.0.19041.0\shared\ws2def.h(638,28): error C2011: 'sockaddr_in': 'struct' type redefinition
C:\Program Files (x86)\Windows Kits\10\Include\10.0.19041.0\um\winsock.h(309): message : see declaration of 'sockaddr_in'
C:\Program Files (x86)\Windows Kits\10\Include\10.0.19041.0\um\winsock2.h(136,23): error C2011: 'fd_set': 'struct' type redefinition
C:\Program Files (x86)\Windows Kits\10\Include\10.0.19041.0\um\winsock.h(65): message : see declaration of 'fd_set'
C:\Program Files (x86)\Windows Kits\10\Include\10.0.19041.0\um\winsock2.h(156,1): warning C4005: 'FD_CLR': macro redefinition
C:\Program Files (x86)\Windows Kits\10\Include\10.0.19041.0\um\winsock.h(94): message : see previous definition of 'FD_CLR'
C:\Program Files (x86)\Windows Kits\10\Include\10.0.19041.0\um\winsock2.h(171,1): warning C4005: 'FD_SET': macro redefinition
C:\Program Files (x86)\Windows Kits\10\Include\10.0.19041.0\um\winsock.h(99): message : see previous definition of 'FD_SET'
C:\Program Files (x86)\Windows Kits\10\Include\10.0.19041.0\um\winsock2.h(180,16): error C2011: 'timeval': 'struct' type redefinition
C:\Program Files (x86)\Windows Kits\10\Include\10.0.19041.0\um\winsock.h(108): message : see declaration of 'timeval'
C:\Program Files (x86)\Windows Kits\10\Include\10.0.19041.0\um\winsock2.h(236,17): error C2011: 'hostent': 'struct' type redefinition
C:\Program Files (x86)\Windows Kits\10\Include\10.0.19041.0\um\winsock.h(164): message : see declaration of 'hostent'
C:\Program Files (x86)\Windows Kits\10\Include\10.0.19041.0\um\winsock2.h(249,16): error C2011: 'netent': 'struct' type redefinition
C:\Program Files (x86)\Windows Kits\10\Include\10.0.19041.0\um\winsock.h(177): message : see declaration of 'netent'
C:\Program Files (x86)\Windows Kits\10\Include\10.0.19041.0\um\winsock2.h(256,17): error C2011: 'servent': 'struct' type redefinition
C:\Program Files (x86)\Windows Kits\10\Include\10.0.19041.0\um\winsock.h(184): message : see declaration of 'servent'
C:\Program Files (x86)\Windows Kits\10\Include\10.0.19041.0\um\winsock2.h(268,18): error C2011: 'protoent': 'struct' type redefinition
C:\Program Files (x86)\Windows Kits\10\Include\10.0.19041.0\um\winsock.h(196): message : see declaration of 'protoent'
C:\Program Files (x86)\Windows Kits\10\Include\10.0.19041.0\um\winsock2.h(364,24): error C2011: 'WSAData': 'struct' type redefinition
C:\Program Files (x86)\Windows Kits\10\Include\10.0.19041.0\um\winsock.h(319): message : see declaration of 'WSAData'
C:\Program Files (x86)\Windows Kits\10\Include\10.0.19041.0\um\winsock2.h(462,18): error C2011: 'sockproto': 'struct' type redefinition
C:\Program Files (x86)\Windows Kits\10\Include\10.0.19041.0\um\winsock.h(491): message : see declaration of 'sockproto'
C:\Program Files (x86)\Windows Kits\10\Include\10.0.19041.0\um\winsock2.h(504,16): error C2011: 'linger': 'struct' type redefinition
C:\Program Files (x86)\Windows Kits\10\Include\10.0.19041.0\um\winsock.h(528): message : see declaration of 'linger'
C:\Program Files (x86)\Windows Kits\10\Include\10.0.19041.0\um\winsock2.h(517,1): warning C4005: 'SOMAXCONN': macro redefinition
C:\Program Files (x86)\Windows Kits\10\Include\10.0.19041.0\um\winsock.h(541): message : see previous definition of 'SOMAXCONN'
C:\Program Files (x86)\Windows Kits\10\Include\10.0.19041.0\um\winsock2.h(552,1): warning C4005: 'FD_READ': macro redefinition
C:\Program Files (x86)\Windows Kits\10\Include\10.0.19041.0\um\winsock.h(559): message : see previous definition of 'FD_READ'
C:\Program Files (x86)\Windows Kits\10\Include\10.0.19041.0\um\winsock2.h(555,1): warning C4005: 'FD_WRITE': macro redefinition
C:\Program Files (x86)\Windows Kits\10\Include\10.0.19041.0\um\winsock.h(560): message : see previous definition of 'FD_WRITE'
C:\Program Files (x86)\Windows Kits\10\Include\10.0.19041.0\um\winsock2.h(558,1): warning C4005: 'FD_OOB': macro redefinition
C:\Program Files (x86)\Windows Kits\10\Include\10.0.19041.0\um\winsock.h(561): message : see previous definition of 'FD_OOB'
C:\Program Files (x86)\Windows Kits\10\Include\10.0.19041.0\um\winsock2.h(561,1): warning C4005: 'FD_ACCEPT': macro redefinition
C:\Program Files (x86)\Windows Kits\10\Include\10.0.19041.0\um\winsock.h(562): message : see previous definition of 'FD_ACCEPT'
C:\Program Files (x86)\Windows Kits\10\Include\10.0.19041.0\um\winsock2.h(564,1): warning C4005: 'FD_CONNECT': macro redefinition
C:\Program Files (x86)\Windows Kits\10\Include\10.0.19041.0\um\winsock.h(563): message : see previous definition of 'FD_CONNECT'
C:\Program Files (x86)\Windows Kits\10\Include\10.0.19041.0\um\winsock2.h(567,1): warning C4005: 'FD_CLOSE': macro redefinition
C:\Program Files (x86)\Windows Kits\10\Include\10.0.19041.0\um\winsock.h(564): message : see previous definition of 'FD_CLOSE'
C:\Program Files (x86)\Windows Kits\10\Include\10.0.19041.0\um\winsock2.h(1625,1): error C2375: 'accept': redefinition; different linkage
C:\Program Files (x86)\Windows Kits\10\Include\10.0.19041.0\um\winsock.h(739): message : see declaration of 'accept'
C:\Program Files (x86)\Windows Kits\10\Include\10.0.19041.0\um\winsock2.h(1647,1): error C2375: 'bind': redefinition; different linkage
C:\Program Files (x86)\Windows Kits\10\Include\10.0.19041.0\um\winsock.h(744): message : see declaration of 'bind'
C:\Program Files (x86)\Windows Kits\10\Include\10.0.19041.0\um\winsock2.h(1668,1): error C2375: 'closesocket': redefinition; different linkage
C:\Program Files (x86)\Windows Kits\10\Include\10.0.19041.0\um\winsock.h(749): message : see declaration of 'closesocket'
C:\Program Files (x86)\Windows Kits\10\Include\10.0.19041.0\um\winsock2.h(1685,1): error C2375: 'connect': redefinition; different linkage
C:\Program Files (x86)\Windows Kits\10\Include\10.0.19041.0\um\winsock.h(751): message : see declaration of 'connect'
C:\Program Files (x86)\Windows Kits\10\Include\10.0.19041.0\um\winsock2.h(1706,1): error C2375: 'ioctlsocket': redefinition; different linkage
C:\Program Files (x86)\Windows Kits\10\Include\10.0.19041.0\um\winsock.h(756): message : see declaration of 'ioctlsocket'
C:\Program Files (x86)\Windows Kits\10\Include\10.0.19041.0\um\winsock2.h(1729,1): error C2375: 'getpeername': redefinition; different linkage
C:\Program Files (x86)\Windows Kits\10\Include\10.0.19041.0\um\winsock.h(761): message : see declaration of 'getpeername'
C:\Program Files (x86)\Windows Kits\10\Include\10.0.19041.0\um\winsock2.h(1750,1): error C2375: 'getsockname': redefinition; different linkage
C:\Program Files (x86)\Windows Kits\10\Include\10.0.19041.0\um\winsock.h(766): message : see declaration of 'getsockname'
C:\Program Files (x86)\Windows Kits\10\Include\10.0.19041.0\um\winsock2.h(1771,1): error C2375: 'getsockopt': redefinition; different linkage
C:\Program Files (x86)\Windows Kits\10\Include\10.0.19041.0\um\winsock.h(771): message : see declaration of 'getsockopt'
C:\Program Files (x86)\Windows Kits\10\Include\10.0.19041.0\um\winsock2.h(1796,1): error C2375: 'htonl': redefinition; different linkage
C:\Program Files (x86)\Windows Kits\10\Include\10.0.19041.0\um\winsock.h(778): message : see declaration of 'htonl'
C:\Program Files (x86)\Windows Kits\10\Include\10.0.19041.0\um\winsock2.h(1813,1): error C2375: 'htons': redefinition; different linkage
C:\Program Files (x86)\Windows Kits\10\Include\10.0.19041.0\um\winsock.h(780): message : see declaration of 'htons'
C:\Program Files (x86)\Windows Kits\10\Include\10.0.19041.0\um\winsock2.h(1831,1): error C2375: 'inet_addr': redefinition; different linkage
C:\Program Files (x86)\Windows Kits\10\Include\10.0.19041.0\um\winsock.h(782): message : see declaration of 'inet_addr'
C:\Program Files (x86)\Windows Kits\10\Include\10.0.19041.0\um\winsock2.h(1849,1): error C2375: 'inet_ntoa': redefinition; different linkage
C:\Program Files (x86)\Windows Kits\10\Include\10.0.19041.0\um\winsock.h(784): message : see declaration of 'inet_ntoa'
C:\Program Files (x86)\Windows Kits\10\Include\10.0.19041.0\um\winsock2.h(1949,1): error C2375: 'listen': redefinition; different linkage
C:\Program Files (x86)\Windows Kits\10\Include\10.0.19041.0\um\winsock.h(786): message : see declaration of 'listen'
C:\Program Files (x86)\Windows Kits\10\Include\10.0.19041.0\um\winsock2.h(1968,1): error C2375: 'ntohl': redefinition; different linkage
C:\Program Files (x86)\Windows Kits\10\Include\10.0.19041.0\um\winsock.h(790): message : see declaration of 'ntohl'
C:\Program Files (x86)\Windows Kits\10\Include\10.0.19041.0\um\winsock2.h(1985,1): error C2375: 'ntohs': redefinition; different linkage
C:\Program Files (x86)\Windows Kits\10\Include\10.0.19041.0\um\winsock.h(792): message : see declaration of 'ntohs'
C:\Program Files (x86)\Windows Kits\10\Include\10.0.19041.0\um\winsock2.h(2002,1): error C2375: 'recv': redefinition; different linkage
C:\Program Files (x86)\Windows Kits\10\Include\10.0.19041.0\um\winsock.h(794): message : see declaration of 'recv'
C:\Program Files (x86)\Windows Kits\10\Include\10.0.19041.0\um\winsock2.h(2025,1): error C2375: 'recvfrom': redefinition; different linkage
C:\Program Files (x86)\Windows Kits\10\Include\10.0.19041.0\um\winsock.h(800): message : see declaration of 'recvfrom'
C:\Program Files (x86)\Windows Kits\10\Include\10.0.19041.0\um\winsock2.h(2052,1): error C2375: 'select': redefinition; different linkage
C:\Program Files (x86)\Windows Kits\10\Include\10.0.19041.0\um\winsock.h(808): message : see declaration of 'select'
C:\Program Files (x86)\Windows Kits\10\Include\10.0.19041.0\um\winsock2.h(2077,1): error C2375: 'send': redefinition; different linkage
C:\Program Files (x86)\Windows Kits\10\Include\10.0.19041.0\um\winsock.h(815): message : see declaration of 'send'
C:\Program Files (x86)\Windows Kits\10\Include\10.0.19041.0\um\winsock2.h(2100,1): error C2375: 'sendto': redefinition; different linkage
C:\Program Files (x86)\Windows Kits\10\Include\10.0.19041.0\um\winsock.h(821): message : see declaration of 'sendto'
C:\Program Files (x86)\Windows Kits\10\Include\10.0.19041.0\um\winsock2.h(2127,1): error C2375: 'setsockopt': redefinition; different linkage
C:\Program Files (x86)\Windows Kits\10\Include\10.0.19041.0\um\winsock.h(829): message : see declaration of 'setsockopt'
C:\Program Files (x86)\Windows Kits\10\Include\10.0.19041.0\um\winsock2.h(2152,1): error C2375: 'shutdown': redefinition; different linkage
C:\Program Files (x86)\Windows Kits\10\Include\10.0.19041.0\um\winsock.h(836): message : see declaration of 'shutdown'
C:\Program Files (x86)\Windows Kits\10\Include\10.0.19041.0\um\winsock2.h(2172,1): error C2375: 'socket': redefinition; different linkage
C:\Program Files (x86)\Windows Kits\10\Include\10.0.19041.0\um\winsock.h(840): message : see declaration of 'socket'
C:\Program Files (x86)\Windows Kits\10\Include\10.0.19041.0\um\winsock2.h(2197,1): error C2375: 'gethostbyaddr': redefinition; different linkage
C:\Program Files (x86)\Windows Kits\10\Include\10.0.19041.0\um\winsock.h(847): message : see declaration of 'gethostbyaddr'
C:\Program Files (x86)\Windows Kits\10\Include\10.0.19041.0\um\winsock2.h(2219,1): error C2375: 'gethostbyname': redefinition; different linkage
C:\Program Files (x86)\Windows Kits\10\Include\10.0.19041.0\um\winsock.h(852): message : see declaration of 'gethostbyname'
C:\Program Files (x86)\Windows Kits\10\Include\10.0.19041.0\um\winsock2.h(2236,1): error C2375: 'gethostname': redefinition; different linkage
C:\Program Files (x86)\Windows Kits\10\Include\10.0.19041.0\um\winsock.h(854): message : see declaration of 'gethostname'
C:\Program Files (x86)\Windows Kits\10\Include\10.0.19041.0\um\winsock2.h(2276,1): error C2375: 'getservbyport': redefinition; different linkage
C:\Program Files (x86)\Windows Kits\10\Include\10.0.19041.0\um\winsock.h(858): message : see declaration of 'getservbyport'
C:\Program Files (x86)\Windows Kits\10\Include\10.0.19041.0\um\winsock2.h(2295,1): error C2375: 'getservbyname': redefinition; different linkage
C:\Program Files (x86)\Windows Kits\10\Include\10.0.19041.0\um\winsock.h(862): message : see declaration of 'getservbyname'
C:\Program Files (x86)\Windows Kits\10\Include\10.0.19041.0\um\winsock2.h(2314,1): error C2375: 'getprotobynumber': redefinition; different linkage
C:\Program Files (x86)\Windows Kits\10\Include\10.0.19041.0\um\winsock.h(866): message : see declaration of 'getprotobynumber'
C:\Program Files (x86)\Windows Kits\10\Include\10.0.19041.0\um\winsock2.h(2331,1): error C2375: 'getprotobyname': redefinition; different linkage
C:\Program Files (x86)\Windows Kits\10\Include\10.0.19041.0\um\winsock.h(868): message : see declaration of 'getprotobyname'
C:\Program Files (x86)\Windows Kits\10\Include\10.0.19041.0\um\winsock2.h(2351,1): error C2375: 'WSAStartup': redefinition; different linkage
C:\Program Files (x86)\Windows Kits\10\Include\10.0.19041.0\um\winsock.h(872): message : see declaration of 'WSAStartup'
C:\Program Files (x86)\Windows Kits\10\Include\10.0.19041.0\um\winsock2.h(2371,1): error C2375: 'WSACleanup': redefinition; different linkage
C:\Program Files (x86)\Windows Kits\10\Include\10.0.19041.0\um\winsock.h(876): message : see declaration of 'WSACleanup'
C:\Program Files (x86)\Windows Kits\10\Include\10.0.19041.0\um\winsock2.h(2388,1): error C2375: 'WSASetLastError': redefinition; different linkage
C:\Program Files (x86)\Windows Kits\10\Include\10.0.19041.0\um\winsock.h(878): message : see declaration of 'WSASetLastError'
C:\Program Files (x86)\Windows Kits\10\Include\10.0.19041.0\um\winsock2.h(2405,1): error C2375: 'WSAGetLastError': redefinition; different linkage
C:\Program Files (x86)\Windows Kits\10\Include\10.0.19041.0\um\winsock.h(880): message : see declaration of 'WSAGetLastError'
C:\Program Files (x86)\Windows Kits\10\Include\10.0.19041.0\um\winsock2.h(2426,1): error C2375: 'WSAIsBlocking': redefinition; different linkage
C:\Program Files (x86)\Windows Kits\10\Include\10.0.19041.0\um\winsock.h(882): message : see declaration of 'WSAIsBlocking'
C:\Program Files (x86)\Windows Kits\10\Include\10.0.19041.0\um\winsock2.h(2444,1): error C2375: 'WSAUnhookBlockingHook': redefinition; different linkage
C:\Program Files (x86)\Windows Kits\10\Include\10.0.19041.0\um\winsock.h(884): message : see declaration of 'WSAUnhookBlockingHook'
C:\Program Files (x86)\Windows Kits\10\Include\10.0.19041.0\um\winsock2.h(2462,1): error C2375: 'WSASetBlockingHook': redefinition; different linkage
C:\Program Files (x86)\Windows Kits\10\Include\10.0.19041.0\um\winsock.h(886): message : see declaration of 'WSASetBlockingHook'
C:\Program Files (x86)\Windows Kits\10\Include\10.0.19041.0\um\winsock2.h(2480,1): error C2375: 'WSACancelBlockingCall': redefinition; different linkage
C:\Program Files (x86)\Windows Kits\10\Include\10.0.19041.0\um\winsock.h(888): message : see declaration of 'WSACancelBlockingCall'
C:\Program Files (x86)\Windows Kits\10\Include\10.0.19041.0\um\winsock2.h(2498,1): error C2375: 'WSAAsyncGetServByName': redefinition; different linkage
C:\Program Files (x86)\Windows Kits\10\Include\10.0.19041.0\um\winsock.h(890): message : see declaration of 'WSAAsyncGetServByName'
C:\Program Files (x86)\Windows Kits\10\Include\10.0.19041.0\um\winsock2.h(2526,1): error C2375: 'WSAAsyncGetServByPort': redefinition; different linkage
C:\Program Files (x86)\Windows Kits\10\Include\10.0.19041.0\um\winsock.h(898): message : see declaration of 'WSAAsyncGetServByPort'
C:\Program Files (x86)\Windows Kits\10\Include\10.0.19041.0\um\winsock2.h(2554,1): error C2375: 'WSAAsyncGetProtoByName': redefinition; different linkage
C:\Program Files (x86)\Windows Kits\10\Include\10.0.19041.0\um\winsock.h(906): message : see declaration of 'WSAAsyncGetProtoByName'
C:\Program Files (x86)\Windows Kits\10\Include\10.0.19041.0\um\winsock2.h(2580,1): error C2375: 'WSAAsyncGetProtoByNumber': redefinition; different linkage
C:\Program Files (x86)\Windows Kits\10\Include\10.0.19041.0\um\winsock.h(913): message : see declaration of 'WSAAsyncGetProtoByNumber'
C:\Program Files (x86)\Windows Kits\10\Include\10.0.19041.0\um\winsock2.h(2606,1): error C2375: 'WSAAsyncGetHostByName': redefinition; different linkage
C:\Program Files (x86)\Windows Kits\10\Include\10.0.19041.0\um\winsock.h(920): message : see declaration of 'WSAAsyncGetHostByName'
C:\Program Files (x86)\Windows Kits\10\Include\10.0.19041.0\um\winsock2.h(2632,1): error C2375: 'WSAAsyncGetHostByAddr': redefinition; different linkage
C:\Program Files (x86)\Windows Kits\10\Include\10.0.19041.0\um\winsock.h(927): message : see declaration of 'WSAAsyncGetHostByAddr'
C:\Program Files (x86)\Windows Kits\10\Include\10.0.19041.0\um\winsock2.h(2662,1): error C2375: 'WSACancelAsyncRequest': redefinition; different linkage
C:\Program Files (x86)\Windows Kits\10\Include\10.0.19041.0\um\winsock.h(936): message : see declaration of 'WSACancelAsyncRequest'
C:\Program Files (x86)\Windows Kits\10\Include\10.0.19041.0\um\winsock2.h(2680,1): error C2375: 'WSAAsyncSelect': redefinition; different linkage
C:\Program Files (x86)\Windows Kits\10\Include\10.0.19041.0\um\winsock.h(938): message : see declaration of 'WSAAsyncSelect'
C:\GitUni\Introduction-to-Computer-Communications-Course\SocketProject\Reciever\client.c(23,14): warning C4013: 'bzero' undefined; assuming extern returning int
C:\GitUni\Introduction-to-Computer-Communications-Course\SocketProject\Reciever\client.c(47,20): warning C4244: '=': conversion from 'SOCKET' to 'int', possible loss of data
C:\GitUni\Introduction-to-Computer-Communications-Course\SocketProject\Reciever\client.c(78,10): warning C4013: 'close' undefined; assuming extern returning int
C:\GitUni\Introduction-to-Computer-Communications-Course\SocketProject\Reciever\client.c(38,5): error C4996: 'scanf': This function or variable may be unsafe. Consider using scanf_s instead. To disable deprecation, use _CRT_SECURE_NO_WARNINGS. See online help for details.
C:\GitUni\Introduction-to-Computer-Communications-Course\SocketProject\Reciever\client.c(57,36): error C4996: 'inet_addr': Use inet_pton() or InetPton() instead or define _WINSOCK_DEPRECATED_NO_WARNINGS to disable deprecated API warnings
C:\GitUni\Introduction-to-Computer-Communications-Course\SocketProject\Reciever\client.c(67,10): error C4996: 'fopen': This function or variable may be unsafe. Consider using fopen_s instead. To disable deprecation, use _CRT_SECURE_NO_WARNINGS. See online help for details.
